{
  "Cucumber Features": {
    "coverage": {
    },
    "timestamp": 1378956283
  },
  "RSpec": {
    "coverage": {
      "/home/ubuntu/Documents/hw3_rottenpotatoes/app/controllers/application_controller.rb": [
        1,
        1,
        null
      ],
      "/home/ubuntu/Documents/hw3_rottenpotatoes/app/helpers/application_helper.rb": [
        1,
        null
      ],
      "/home/ubuntu/Documents/hw3_rottenpotatoes/app/helpers/movies_helper.rb": [
        1,
        null,
        1,
        0,
        null,
        null
      ],
      "/home/ubuntu/Documents/hw3_rottenpotatoes/app/controllers/movies_controller.rb": [
        1,
        null,
        1,
        2,
        2,
        null,
        null,
        null,
        1,
        2,
        2,
        null,
        0,
        null,
        0,
        null,
        2,
        2,
        null,
        2,
        12,
        null,
        null,
        2,
        0,
        0,
        0,
        null,
        2,
        null,
        null,
        1,
        null,
        null,
        null,
        1,
        0,
        0,
        0,
        null,
        null,
        1,
        0,
        null,
        null,
        1,
        0,
        0,
        0,
        0,
        null,
        null,
        1,
        0,
        0,
        0,
        0,
        null,
        null,
        1,
        2,
        2,
        2,
        2,
        null,
        0,
        null,
        null,
        null
      ],
      "/home/ubuntu/Documents/hw3_rottenpotatoes/app/models/movie.rb": [
        1,
        1,
        2,
        null,
        null
      ]
    },
    "timestamp": 1378956113
  }
}
